-- The C compiler identification is GNU 11.4.0
-- The CXX compiler identification is GNU 11.4.0
-- Detecting C compiler ABI info
-- Detecting C compiler ABI info - done
-- Check for working C compiler: /usr/bin/cc - skipped
-- Detecting C compile features
-- Detecting C compile features - done
-- Detecting CXX compiler ABI info
-- Detecting CXX compiler ABI info - done
-- Check for working CXX compiler: /usr/bin/c++ - skipped
-- Detecting CXX compile features
-- Detecting CXX compile features - done
-- Found ament_cmake: 1.3.11 (/opt/ros/humble/share/ament_cmake/cmake)
-- Found Python3: /usr/bin/python3 (found version "3.10.12") found components: Interpreter 
-- Found rosidl_default_generators: 1.2.0 (/opt/ros/humble/share/rosidl_default_generators/cmake)
-- Using all available rosidl_typesupport_c: rosidl_typesupport_fastrtps_c;rosidl_typesupport_introspection_c
-- Found rosidl_adapter: 3.1.6 (/opt/ros/humble/share/rosidl_adapter/cmake)
-- Using all available rosidl_typesupport_cpp: rosidl_typesupport_fastrtps_cpp;rosidl_typesupport_introspection_cpp
-- Found ament_cmake_ros: 0.10.0 (/opt/ros/humble/share/ament_cmake_ros/cmake)
-- Using all available rosidl_typesupport_c: rosidl_typesupport_fastrtps_c;rosidl_typesupport_introspection_c
-- Using all available rosidl_typesupport_cpp: rosidl_typesupport_fastrtps_cpp;rosidl_typesupport_introspection_cpp
-- Found PythonInterp: /usr/bin/python3 (found suitable version "3.10.12", minimum required is "3.6") 
-- Found python_cmake_module: 0.10.0 (/opt/ros/humble/share/python_cmake_module/cmake)
-- Found PythonLibs: /usr/lib/x86_64-linux-gnu/libpython3.10.so (found suitable version "3.10.12", minimum required is "3.5") 
-- Using PYTHON_EXECUTABLE: /usr/bin/python3
-- Using PYTHON_INCLUDE_DIRS: /usr/include/python3.10
-- Using PYTHON_LIBRARIES: /usr/lib/x86_64-linux-gnu/libpython3.10.so
-- Found PythonExtra: .so  
-- Configuring done
-- Generating done
-- Build files have been written to: /media/ros/fedora/home/maylis/Dokumente/TeleNav/build/turtle_interfaces
[  2%] [34m[1mGenerating C code for ROS interfaces[0m
[  5%] [34m[1mGenerating C++ code for ROS interfaces[0m
[  5%] Built target ament_cmake_python_copy_turtle_interfaces
running egg_info
creating turtle_interfaces.egg-info
writing turtle_interfaces.egg-info/PKG-INFO
writing dependency_links to turtle_interfaces.egg-info/dependency_links.txt
writing top-level names to turtle_interfaces.egg-info/top_level.txt
writing manifest file 'turtle_interfaces.egg-info/SOURCES.txt'
reading manifest file 'turtle_interfaces.egg-info/SOURCES.txt'
writing manifest file 'turtle_interfaces.egg-info/SOURCES.txt'
[  7%] [32mBuilding C object CMakeFiles/turtle_interfaces__rosidl_generator_c.dir/rosidl_generator_c/turtle_interfaces/msg/detail/turtle_position__functions.c.o[0m
[ 10%] [32mBuilding C object CMakeFiles/turtle_interfaces__rosidl_generator_c.dir/rosidl_generator_c/turtle_interfaces/msg/detail/turtles_alive__functions.c.o[0m
In file included from [01m[K/media/ros/fedora/home/maylis/Dokumente/TeleNav/build/turtle_interfaces/rosidl_generator_c/turtle_interfaces/msg/detail/turtles_alive__struct.h:22[m[K,
                 from [01m[K/media/ros/fedora/home/maylis/Dokumente/TeleNav/build/turtle_interfaces/rosidl_generator_c/turtle_interfaces/msg/detail/turtles_alive__functions.h:19[m[K,
                 from [01m[K/media/ros/fedora/home/maylis/Dokumente/TeleNav/build/turtle_interfaces/rosidl_generator_c/turtle_interfaces/msg/detail/turtles_alive__functions.c:4[m[K:
[01m[K/media/ros/fedora/home/maylis/Dokumente/TeleNav/build/turtle_interfaces/rosidl_generator_c/turtle_interfaces/msg/detail/turtle_position__struct.h:22:10:[m[K [01;31m[Kfatal error: [m[Kturtle_interfaces/msg/detail/string__struct.h: Datei oder Verzeichnis nicht gefunden
   22 | #include [01;31m[K"turtle_interfaces/msg/detail/string__struct.h"[m[K
      |          [01;31m[K^~~~~~~~~~~~~~~~~~~~~~~~~~~~~~~~~~~~~~~~~~~~~~~[m[K
compilation terminated.
gmake[2]: *** [CMakeFiles/turtle_interfaces__rosidl_generator_c.dir/build.make:135: CMakeFiles/turtle_interfaces__rosidl_generator_c.dir/rosidl_generator_c/turtle_interfaces/msg/detail/turtles_alive__functions.c.o] Fehler 1
gmake[2]: *** Auf noch nicht beendete Prozesse wird gewartet â€¦
[ 10%] Built target turtle_interfaces__cpp
In file included from [01m[K/media/ros/fedora/home/maylis/Dokumente/TeleNav/build/turtle_interfaces/rosidl_generator_c/turtle_interfaces/msg/detail/turtle_position__functions.h:19[m[K,
                 from [01m[K/media/ros/fedora/home/maylis/Dokumente/TeleNav/build/turtle_interfaces/rosidl_generator_c/turtle_interfaces/msg/detail/turtle_position__functions.c:4[m[K:
[01m[K/media/ros/fedora/home/maylis/Dokumente/TeleNav/build/turtle_interfaces/rosidl_generator_c/turtle_interfaces/msg/detail/turtle_position__struct.h:22:10:[m[K [01;31m[Kfatal error: [m[Kturtle_interfaces/msg/detail/string__struct.h: Datei oder Verzeichnis nicht gefunden
   22 | #include [01;31m[K"turtle_interfaces/msg/detail/string__struct.h"[m[K
      |          [01;31m[K^~~~~~~~~~~~~~~~~~~~~~~~~~~~~~~~~~~~~~~~~~~~~~~[m[K
compilation terminated.
[ 10%] Built target ament_cmake_python_build_turtle_interfaces_egg
gmake[2]: *** [CMakeFiles/turtle_interfaces__rosidl_generator_c.dir/build.make:121: CMakeFiles/turtle_interfaces__rosidl_generator_c.dir/rosidl_generator_c/turtle_interfaces/msg/detail/turtle_position__functions.c.o] Fehler 1
gmake[1]: *** [CMakeFiles/Makefile2:213: CMakeFiles/turtle_interfaces__rosidl_generator_c.dir/all] Fehler 2
gmake[1]: *** Auf noch nicht beendete Prozesse wird gewartet â€¦
[ 12%] [34m[1mGenerating C++ type support dispatch for ROS interfaces[0m
[ 15%] [34m[1mGenerating C++ type support for eProsima Fast-RTPS[0m
[ 17%] [32mBuilding CXX object CMakeFiles/turtle_interfaces__rosidl_typesupport_cpp.dir/rosidl_typesupport_cpp/turtle_interfaces/msg/turtle_position__type_support.cpp.o[0m
[ 20%] [32mBuilding CXX object CMakeFiles/turtle_interfaces__rosidl_typesupport_cpp.dir/rosidl_typesupport_cpp/turtle_interfaces/msg/turtles_alive__type_support.cpp.o[0m
[ 23%] [32mBuilding CXX object CMakeFiles/turtle_interfaces__rosidl_typesupport_fastrtps_cpp.dir/rosidl_typesupport_fastrtps_cpp/turtle_interfaces/msg/detail/dds_fastrtps/turtle_position__type_support.cpp.o[0m
[ 25%] [32mBuilding CXX object CMakeFiles/turtle_interfaces__rosidl_typesupport_fastrtps_cpp.dir/rosidl_typesupport_fastrtps_cpp/turtle_interfaces/msg/detail/dds_fastrtps/turtles_alive__type_support.cpp.o[0m
In file included from [01m[K/media/ros/fedora/home/maylis/Dokumente/TeleNav/build/turtle_interfaces/rosidl_typesupport_cpp/turtle_interfaces/msg/turtle_position__type_support.cpp:7[m[K:
[01m[K/media/ros/fedora/home/maylis/Dokumente/TeleNav/build/turtle_interfaces/rosidl_generator_cpp/turtle_interfaces/msg/detail/turtle_position__struct.hpp:20:10:[m[K [01;31m[Kfatal error: [m[Kturtle_interfaces/msg/detail/string__struct.hpp: Datei oder Verzeichnis nicht gefunden
   20 | #include [01;31m[K"turtle_interfaces/msg/detail/string__struct.hpp"[m[K
      |          [01;31m[K^~~~~~~~~~~~~~~~~~~~~~~~~~~~~~~~~~~~~~~~~~~~~~~~~[m[K
compilation terminated.
gmake[2]: *** [CMakeFiles/turtle_interfaces__rosidl_typesupport_cpp.dir/build.make:90: CMakeFiles/turtle_interfaces__rosidl_typesupport_cpp.dir/rosidl_typesupport_cpp/turtle_interfaces/msg/turtle_position__type_support.cpp.o] Fehler 1
gmake[2]: *** Auf noch nicht beendete Prozesse wird gewartet â€¦
In file included from [01m[K/media/ros/fedora/home/maylis/Dokumente/TeleNav/build/turtle_interfaces/rosidl_generator_cpp/turtle_interfaces/msg/detail/turtles_alive__struct.hpp:20[m[K,
                 from [01m[K/media/ros/fedora/home/maylis/Dokumente/TeleNav/build/turtle_interfaces/rosidl_typesupport_cpp/turtle_interfaces/msg/turtles_alive__type_support.cpp:7[m[K:
[01m[K/media/ros/fedora/home/maylis/Dokumente/TeleNav/build/turtle_interfaces/rosidl_generator_cpp/turtle_interfaces/msg/detail/turtle_position__struct.hpp:20:10:[m[K [01;31m[Kfatal error: [m[Kturtle_interfaces/msg/detail/string__struct.hpp: Datei oder Verzeichnis nicht gefunden
   20 | #include [01;31m[K"turtle_interfaces/msg/detail/string__struct.hpp"[m[K
      |          [01;31m[K^~~~~~~~~~~~~~~~~~~~~~~~~~~~~~~~~~~~~~~~~~~~~~~~~[m[K
compilation terminated.
gmake[2]: *** [CMakeFiles/turtle_interfaces__rosidl_typesupport_cpp.dir/build.make:104: CMakeFiles/turtle_interfaces__rosidl_typesupport_cpp.dir/rosidl_typesupport_cpp/turtle_interfaces/msg/turtles_alive__type_support.cpp.o] Fehler 1
gmake[1]: *** [CMakeFiles/Makefile2:395: CMakeFiles/turtle_interfaces__rosidl_typesupport_cpp.dir/all] Fehler 2
In file included from [01m[K/media/ros/fedora/home/maylis/Dokumente/TeleNav/build/turtle_interfaces/rosidl_generator_cpp/turtle_interfaces/msg/detail/turtles_alive__struct.hpp:20[m[K,
                 from [01m[K/media/ros/fedora/home/maylis/Dokumente/TeleNav/build/turtle_interfaces/rosidl_typesupport_fastrtps_cpp/turtle_interfaces/msg/detail/turtles_alive__rosidl_typesupport_fastrtps_cpp.hpp:11[m[K,
                 from [01m[K/media/ros/fedora/home/maylis/Dokumente/TeleNav/build/turtle_interfaces/rosidl_typesupport_fastrtps_cpp/turtle_interfaces/msg/detail/dds_fastrtps/turtles_alive__type_support.cpp:4[m[K:
[01m[K/media/ros/fedora/home/maylis/Dokumente/TeleNav/build/turtle_interfaces/rosidl_generator_cpp/turtle_interfaces/msg/detail/turtle_position__struct.hpp:20:10:[m[K [01;31m[Kfatal error: [m[Kturtle_interfaces/msg/detail/string__struct.hpp: Datei oder Verzeichnis nicht gefunden
   20 | #include [01;31m[K"turtle_interfaces/msg/detail/string__struct.hpp"[m[K
      |          [01;31m[K^~~~~~~~~~~~~~~~~~~~~~~~~~~~~~~~~~~~~~~~~~~~~~~~~[m[K
compilation terminated.
In file included from [01m[K/media/ros/fedora/home/maylis/Dokumente/TeleNav/build/turtle_interfaces/rosidl_typesupport_fastrtps_cpp/turtle_interfaces/msg/detail/turtle_position__rosidl_typesupport_fastrtps_cpp.hpp:11[m[K,
                 from [01m[K/media/ros/fedora/home/maylis/Dokumente/TeleNav/build/turtle_interfaces/rosidl_typesupport_fastrtps_cpp/turtle_interfaces/msg/detail/dds_fastrtps/turtle_position__type_support.cpp:4[m[K:
[01m[K/media/ros/fedora/home/maylis/Dokumente/TeleNav/build/turtle_interfaces/rosidl_generator_cpp/turtle_interfaces/msg/detail/turtle_position__struct.hpp:20:10:[m[K [01;31m[Kfatal error: [m[Kturtle_interfaces/msg/detail/string__struct.hpp: Datei oder Verzeichnis nicht gefunden
   20 | #include [01;31m[K"turtle_interfaces/msg/detail/string__struct.hpp"[m[K
      |          [01;31m[K^~~~~~~~~~~~~~~~~~~~~~~~~~~~~~~~~~~~~~~~~~~~~~~~~[m[K
compilation terminated.
gmake[2]: *** [CMakeFiles/turtle_interfaces__rosidl_typesupport_fastrtps_cpp.dir/build.make:112: CMakeFiles/turtle_interfaces__rosidl_typesupport_fastrtps_cpp.dir/rosidl_typesupport_fastrtps_cpp/turtle_interfaces/msg/detail/dds_fastrtps/turtles_alive__type_support.cpp.o] Fehler 1
gmake[2]: *** Auf noch nicht beendete Prozesse wird gewartet â€¦
gmake[2]: *** [CMakeFiles/turtle_interfaces__rosidl_typesupport_fastrtps_cpp.dir/build.make:98: CMakeFiles/turtle_interfaces__rosidl_typesupport_fastrtps_cpp.dir/rosidl_typesupport_fastrtps_cpp/turtle_interfaces/msg/detail/dds_fastrtps/turtle_position__type_support.cpp.o] Fehler 1
gmake[1]: *** [CMakeFiles/Makefile2:343: CMakeFiles/turtle_interfaces__rosidl_typesupport_fastrtps_cpp.dir/all] Fehler 2
gmake: *** [Makefile:146: all] Fehler 2
