[0.025s] Invoking command in '/media/ros/fedora/home/maylis/Dokumente/TeleNav/simulation_ws/src/build/my_robot_description': CMAKE_PREFIX_PATH=${CMAKE_PREFIX_PATH}:/media/ros/fedora/home/maylis/Dokumente/TeleNav/install/turtle_spawner:/media/ros/fedora/home/maylis/Dokumente/TeleNav/install/turtle_controller:/media/ros/fedora/home/maylis/Dokumente/TeleNav/install/my_robot_controller:/opt/ros/humble /usr/bin/cmake --build /media/ros/fedora/home/maylis/Dokumente/TeleNav/simulation_ws/src/build/my_robot_description -- -j6 -l6
[0.056s] -- Found ament_cmake: 1.3.11 (/opt/ros/humble/share/ament_cmake/cmake)
[0.236s] -- Found xacro: 2.0.13 (/opt/ros/humble/share/xacro/cmake)
[0.327s] -- Configuring done
[0.331s] -- Generating done
[0.334s] -- Build files have been written to: /media/ros/fedora/home/maylis/Dokumente/TeleNav/simulation_ws/src/build/my_robot_description
[0.364s] gmake[2]: *** Keine Regel vorhanden, um das Ziel „/media/ros/fedora/home/maylis/Dokumente/TeleNav/simulation_ws/src/my_robot_description/urdf_cource/robot.urdf.xacro“, 
[0.364s]   benötigt von „/media/ros/fedora/home/maylis/Dokumente/TeleNav/simulation_ws/src/my_robot_description/urdf_cource/robot.urdf“, zu erstellen.  Schluss.
[0.364s] gmake[1]: *** [CMakeFiles/Makefile2:137: CMakeFiles/generate_urdf.dir/all] Fehler 2
[0.365s] gmake: *** [Makefile:146: all] Fehler 2
[0.368s] Invoked command in '/media/ros/fedora/home/maylis/Dokumente/TeleNav/simulation_ws/src/build/my_robot_description' returned '2': CMAKE_PREFIX_PATH=${CMAKE_PREFIX_PATH}:/media/ros/fedora/home/maylis/Dokumente/TeleNav/install/turtle_spawner:/media/ros/fedora/home/maylis/Dokumente/TeleNav/install/turtle_controller:/media/ros/fedora/home/maylis/Dokumente/TeleNav/install/my_robot_controller:/opt/ros/humble /usr/bin/cmake --build /media/ros/fedora/home/maylis/Dokumente/TeleNav/simulation_ws/src/build/my_robot_description -- -j6 -l6
